<?xml version="1.0" encoding="UTF-8"?>
<!-- Generated by org.testng.reporters.JUnitReportReporter -->
<testsuite skipped="0" hostname="LAPTOP-28B427OK" name="testrunner.TestNG" tests="1" failures="0" timestamp="10 Dec 2020 04:59:06 GMT" time="21.965" errors="0">
  <testcase name="runScenario" time="21.965" classname="testrunner.TestNG"/>
</testsuite> <!-- testrunner.TestNG -->
