<?xml version="1.0" encoding="UTF-8"?>
<!-- Generated by org.testng.reporters.JUnitReportReporter -->
<testsuite hostname="DESKTOP-FD1M0NP" name="testrunner.TestNG" tests="14" failures="0" timestamp="9 Dec 2020 11:06:36 GMT" time="288.162" errors="0">
  <testcase name="runScenario" time="19.856" classname="testrunner.TestNG"/>
  <testcase name="runScenario" time="18.676" classname="testrunner.TestNG"/>
  <testcase name="runScenario" time="20.930" classname="testrunner.TestNG"/>
  <testcase name="runScenario" time="20.003" classname="testrunner.TestNG"/>
  <testcase name="runScenario" time="18.261" classname="testrunner.TestNG"/>
  <testcase name="runScenario" time="24.048" classname="testrunner.TestNG"/>
  <testcase name="runScenario" time="28.823" classname="testrunner.TestNG"/>
  <testcase name="runScenario" time="13.495" classname="testrunner.TestNG"/>
  <testcase name="runScenario" time="22.501" classname="testrunner.TestNG"/>
  <testcase name="runScenario" time="22.108" classname="testrunner.TestNG"/>
  <testcase name="runScenario" time="13.591" classname="testrunner.TestNG"/>
  <testcase name="runScenario" time="22.386" classname="testrunner.TestNG"/>
  <testcase name="runScenario" time="27.922" classname="testrunner.TestNG"/>
  <testcase name="runScenario" time="15.562" classname="testrunner.TestNG"/>
</testsuite> <!-- testrunner.TestNG -->
