<?xml version="1.0" encoding="UTF-8"?>
<!-- Generated by org.testng.reporters.JUnitReportReporter -->
<testsuite hostname="DESKTOP-FD1M0NP" name="testrunner.TestNG" tests="1" failures="0" timestamp="9 Dec 2020 04:16:43 GMT" time="314.944" errors="0">
  <testcase name="feature" time="314.944" classname="testrunner.TestNG"/>
</testsuite> <!-- testrunner.TestNG -->
